SF:lib/views/settings_view.dart
DA:52,1
DA:62,1
DA:63,1
DA:68,1
DA:69,1
DA:70,1
DA:71,1
DA:72,1
DA:73,1
DA:74,1
DA:75,1
DA:76,1
DA:77,1
DA:78,8
DA:85,1
DA:86,1
DA:87,1
DA:88,1
DA:89,1
DA:90,1
DA:91,1
DA:92,5
DA:99,1
DA:100,5
DA:106,1
DA:107,1
DA:115,1
DA:116,4
DA:117,4
DA:118,4
DA:119,4
DA:120,15
DA:125,1
DA:128,10
DA:129,10
DA:130,10
DA:131,10
DA:132,10
DA:133,10
DA:134,10
DA:135,10
DA:136,10
DA:137,10
DA:139,10
DA:140,10
DA:141,10
DA:142,10
DA:143,10
DA:144,10
DA:145,10
DA:146,10
DA:147,10
DA:148,10
DA:155,1
DA:156,1
DA:161,1
DA:164,10
DA:165,10
DA:166,10
DA:167,10
DA:168,10
DA:169,10
DA:170,10
DA:171,10
DA:172,10
DA:173,10
DA:179,1
DA:181,5
DA:182,5
DA:183,5
DA:184,5
DA:191,1
DA:193,10
DA:194,10
DA:195,10
DA:196,10
DA:197,10
DA:198,10
DA:199,10
DA:200,10
DA:206,1
DA:207,1
DA:210,1
DA:211,1
DA:219,1
DA:220,1
DA:222,0
DA:223,0
DA:225,1
DA:230,1
DA:231,1
DA:236,1
DA:237,1
DA:238,1
DA:240,2
DA:243,0
DA:247,0
DA:248,0
DA:249,0
DA:252,1
DA:253,1
DA:254,1
DA:256,1
DA:260,2
DA:261,1
DA:262,3
DA:263,2
DA:265,0
DA:268,1
DA:269,1
DA:272,1
DA:273,4
DA:274,1
DA:275,0
DA:276,0
DA:277,0
DA:278,0
DA:282,3
DA:283,2
DA:285,0
DA:287,0
DA:289,0
DA:290,0
DA:291,0
DA:292,0
DA:297,0
DA:300,1
DA:301,4
DA:302,1
DA:304,1
DA:305,1
DA:307,0
DA:308,0
DA:309,0
DA:313,2
DA:314,1
DA:315,3
DA:317,0
DA:318,0
DA:319,0
DA:324,3
DA:325,2
DA:330,2
DA:331,1
DA:332,1
DA:333,3
DA:334,1
DA:335,1
DA:336,1
DA:337,1
DA:338,4
DA:339,4
DA:348,0
DA:350,0
DA:354,0
DA:355,0
DA:356,0
DA:357,0
DA:358,0
DA:365,0
DA:366,0
DA:368,0
DA:369,0
DA:370,0
DA:373,0
DA:374,0
DA:378,0
DA:379,0
DA:385,0
DA:386,0
DA:387,0
DA:388,0
DA:390,0
DA:391,0
DA:392,0
DA:396,0
DA:397,0
DA:398,0
DA:399,0
DA:400,0
DA:401,0
DA:402,0
DA:403,0
DA:407,0
DA:409,0
DA:411,0
DA:417,1
DA:419,2
DA:421,0
DA:424,0
DA:428,0
DA:429,0
DA:434,0
DA:435,0
DA:436,0
DA:441,0
DA:442,0
DA:444,0
DA:447,0
DA:448,0
DA:451,0
DA:452,0
DA:453,0
DA:454,0
DA:455,0
DA:456,0
DA:457,0
DA:461,0
DA:463,0
DA:465,0
DA:467,0
DA:468,0
DA:469,0
DA:470,0
DA:474,0
DA:477,0
DA:478,0
DA:480,0
DA:482,0
DA:483,0
DA:484,0
DA:488,0
DA:489,0
DA:490,0
DA:492,0
DA:493,0
DA:494,0
DA:500,0
DA:504,0
DA:506,0
DA:507,0
DA:508,0
DA:512,0
DA:513,0
DA:514,0
DA:515,0
DA:520,0
DA:522,0
DA:524,0
DA:525,0
DA:526,0
DA:527,0
DA:528,0
DA:530,0
DA:536,0
DA:539,0
DA:540,0
DA:541,0
DA:542,0
DA:543,0
DA:544,0
DA:545,0
DA:549,0
DA:551,0
DA:553,0
DA:554,0
DA:555,0
DA:556,0
DA:561,0
DA:563,0
DA:564,0
DA:567,0
DA:570,0
DA:571,0
DA:572,0
DA:576,0
DA:577,0
DA:578,0
DA:580,0
DA:581,0
DA:582,0
DA:588,1
DA:589,5
DA:591,0
DA:594,1
DA:595,1
DA:598,1
DA:599,1
DA:600,1
DA:601,0
DA:602,0
DA:603,0
DA:604,0
DA:609,3
DA:611,0
DA:613,0
DA:615,0
DA:616,0
DA:617,0
DA:618,0
DA:622,0
DA:625,1
DA:626,1
DA:628,1
DA:630,0
DA:631,0
DA:632,0
DA:636,2
DA:637,1
DA:638,3
DA:640,0
DA:641,0
DA:642,0
DA:649,1
DA:651,2
DA:653,0
DA:659,0
DA:661,0
DA:663,0
DA:669,0
DA:672,0
DA:673,0
DA:676,0
DA:677,0
DA:678,0
DA:679,0
DA:680,0
DA:681,0
DA:685,0
DA:687,0
DA:689,0
DA:690,0
DA:691,0
DA:692,0
DA:697,0
DA:700,0
DA:701,0
DA:703,0
DA:705,0
DA:706,0
DA:707,0
DA:711,0
DA:712,0
DA:713,0
DA:715,0
DA:716,0
DA:717,0
DA:722,0
DA:723,0
DA:725,0
DA:727,0
DA:728,0
DA:729,0
DA:733,0
DA:734,0
DA:735,0
DA:737,0
DA:738,0
DA:739,0
DA:746,1
DA:748,1
DA:751,6
DA:752,3
DA:755,1
DA:756,5
DA:757,1
DA:758,2
DA:759,4
DA:760,1
DA:761,3
DA:765,0
DA:766,0
DA:767,0
DA:769,0
DA:770,0
DA:772,0
DA:773,0
DA:774,0
DA:778,0
DA:779,0
DA:780,0
DA:782,0
DA:783,0
DA:784,0
DA:788,1
DA:790,1
DA:791,1
DA:792,1
DA:794,1
DA:796,1
DA:797,1
DA:800,0
DA:803,1
DA:806,0
DA:809,3
LF:385
LH:166
end_of_record
