SF:lib/views/settings_view.dart
DA:52,1
DA:62,1
DA:63,1
DA:68,1
DA:69,1
DA:70,1
DA:71,1
DA:72,1
DA:73,1
DA:74,1
DA:75,1
DA:76,1
DA:77,1
DA:78,8
DA:85,1
DA:86,1
DA:87,1
DA:88,1
DA:89,1
DA:90,1
DA:91,1
DA:92,5
DA:99,1
DA:100,5
DA:106,1
DA:107,1
DA:115,1
DA:116,4
DA:117,4
DA:118,4
DA:119,4
DA:120,15
DA:125,1
DA:128,10
DA:129,10
DA:130,10
DA:131,10
DA:132,10
DA:133,10
DA:134,10
DA:135,10
DA:136,10
DA:137,10
DA:139,10
DA:140,10
DA:141,10
DA:142,10
DA:143,10
DA:144,10
DA:145,10
DA:146,10
DA:147,10
DA:148,10
DA:155,1
DA:156,1
DA:161,1
DA:164,10
DA:165,10
DA:166,10
DA:167,10
DA:168,10
DA:169,10
DA:170,10
DA:171,10
DA:172,10
DA:173,10
DA:179,1
DA:181,5
DA:182,5
DA:183,5
DA:184,5
DA:191,1
DA:193,10
DA:194,10
DA:195,10
DA:196,10
DA:197,10
DA:198,10
DA:199,10
DA:200,10
DA:206,1
DA:207,1
DA:210,1
DA:211,1
DA:217,1
DA:219,10
DA:220,10
DA:221,10
DA:222,10
DA:223,10
DA:224,10
DA:225,10
DA:226,10
DA:227,10
DA:228,10
DA:229,10
DA:230,10
DA:231,10
DA:232,10
DA:233,10
DA:234,10
DA:243,1
DA:244,1
DA:246,1
DA:247,1
DA:249,1
DA:254,1
DA:255,1
DA:260,1
DA:261,1
DA:262,1
DA:264,2
DA:267,0
DA:271,1
DA:272,5
DA:273,0
DA:276,1
DA:279,10
DA:280,10
DA:281,10
DA:285,1
DA:286,1
DA:287,1
DA:289,1
DA:293,2
DA:294,1
DA:295,3
DA:296,2
DA:298,0
DA:301,1
DA:302,1
DA:305,1
DA:306,4
DA:307,1
DA:308,0
DA:309,0
DA:310,0
DA:311,0
DA:315,3
DA:316,2
DA:318,0
DA:320,0
DA:322,0
DA:323,0
DA:324,0
DA:325,0
DA:330,0
DA:333,1
DA:334,4
DA:335,1
DA:337,1
DA:338,1
DA:340,0
DA:341,0
DA:342,0
DA:346,2
DA:347,1
DA:348,3
DA:350,0
DA:351,0
DA:352,0
DA:357,3
DA:358,2
DA:363,2
DA:364,1
DA:365,1
DA:366,3
DA:367,1
DA:368,1
DA:369,1
DA:370,1
DA:371,4
DA:372,4
DA:381,0
DA:383,0
DA:387,0
DA:388,0
DA:389,0
DA:390,0
DA:391,0
DA:398,0
DA:399,0
DA:401,0
DA:402,0
DA:403,0
DA:406,0
DA:407,0
DA:411,0
DA:412,0
DA:418,0
DA:419,0
DA:420,0
DA:421,0
DA:423,0
DA:424,0
DA:425,0
DA:429,1
DA:432,10
DA:433,10
DA:434,10
DA:435,10
DA:439,1
DA:440,1
DA:441,1
DA:442,1
DA:443,1
DA:444,1
DA:445,4
DA:446,4
DA:450,1
DA:452,2
DA:454,0
DA:460,1
DA:462,2
DA:464,0
DA:467,0
DA:471,0
DA:472,0
DA:477,0
DA:478,0
DA:479,0
DA:484,0
DA:485,0
DA:487,0
DA:490,0
DA:491,0
DA:494,0
DA:495,0
DA:496,0
DA:497,0
DA:498,0
DA:499,0
DA:500,0
DA:504,0
DA:506,0
DA:508,0
DA:510,0
DA:511,0
DA:512,0
DA:513,0
DA:517,0
DA:520,0
DA:521,0
DA:523,0
DA:525,0
DA:526,0
DA:527,0
DA:531,0
DA:532,0
DA:533,0
DA:535,0
DA:536,0
DA:537,0
DA:543,0
DA:547,0
DA:549,0
DA:550,0
DA:551,0
DA:555,0
DA:556,0
DA:557,0
DA:558,0
DA:563,0
DA:565,0
DA:567,0
DA:568,0
DA:569,0
DA:570,0
DA:571,0
DA:573,0
DA:579,0
DA:582,0
DA:583,0
DA:584,0
DA:585,0
DA:586,0
DA:587,0
DA:588,0
DA:592,0
DA:594,0
DA:596,0
DA:597,0
DA:598,0
DA:599,0
DA:604,0
DA:606,0
DA:607,0
DA:610,0
DA:613,0
DA:614,0
DA:615,0
DA:619,0
DA:620,0
DA:621,0
DA:623,0
DA:624,0
DA:625,0
DA:631,1
DA:632,5
DA:634,0
DA:637,1
DA:638,1
DA:641,1
DA:642,1
DA:643,1
DA:644,0
DA:645,0
DA:646,0
DA:647,0
DA:652,3
DA:654,0
DA:656,0
DA:658,0
DA:659,0
DA:660,0
DA:661,0
DA:665,0
DA:668,1
DA:669,1
DA:671,1
DA:673,0
DA:674,0
DA:675,0
DA:679,2
DA:680,1
DA:681,3
DA:683,0
DA:684,0
DA:685,0
DA:689,1
DA:692,10
DA:693,10
DA:694,10
DA:695,10
DA:696,10
DA:703,1
DA:705,2
DA:707,0
DA:713,0
DA:715,0
DA:717,0
DA:723,0
DA:726,0
DA:727,0
DA:730,0
DA:731,0
DA:732,0
DA:733,0
DA:734,0
DA:735,0
DA:739,0
DA:741,0
DA:743,0
DA:744,0
DA:745,0
DA:746,0
DA:751,0
DA:754,0
DA:755,0
DA:757,0
DA:759,0
DA:760,0
DA:761,0
DA:765,0
DA:766,0
DA:767,0
DA:769,0
DA:770,0
DA:771,0
DA:776,0
DA:777,0
DA:779,0
DA:781,0
DA:782,0
DA:783,0
DA:787,0
DA:788,0
DA:789,0
DA:791,0
DA:792,0
DA:793,0
DA:800,1
DA:802,1
DA:805,6
DA:806,3
DA:809,1
DA:810,5
DA:811,1
DA:812,2
DA:813,4
DA:814,1
DA:815,3
DA:819,2
DA:820,4
DA:821,1
DA:823,1
DA:824,1
DA:826,0
DA:827,0
DA:828,0
DA:832,2
DA:833,1
DA:834,3
DA:836,0
DA:837,0
DA:838,0
DA:842,1
DA:845,10
DA:846,10
DA:847,10
DA:848,10
DA:849,10
DA:850,10
DA:854,1
DA:856,1
DA:857,1
DA:858,1
DA:860,1
DA:862,1
DA:863,1
DA:866,0
DA:869,1
DA:872,0
DA:875,3
LF:424
LH:227
end_of_record
