SF:lib/views/settings_view.dart
DA:52,91
DA:62,92
DA:63,92
DA:68,81
DA:69,81
DA:70,81
DA:71,81
DA:72,81
DA:73,81
DA:74,81
DA:75,81
DA:76,81
DA:77,81
DA:78,648
DA:85,20
DA:86,20
DA:87,20
DA:88,20
DA:89,20
DA:90,20
DA:91,20
DA:92,100
DA:99,20
DA:100,100
DA:106,21
DA:107,21
DA:115,8
DA:116,32
DA:117,32
DA:118,32
DA:119,32
DA:120,120
DA:125,10
DA:128,100
DA:129,100
DA:130,100
DA:131,100
DA:132,100
DA:133,100
DA:134,100
DA:135,100
DA:136,100
DA:137,100
DA:139,100
DA:140,100
DA:141,100
DA:142,100
DA:143,100
DA:144,100
DA:145,100
DA:146,100
DA:147,100
DA:148,100
DA:155,5
DA:156,5
DA:162,4
DA:164,20
DA:165,20
DA:166,20
DA:167,20
DA:176,87
DA:181,68
DA:182,68
DA:187,68
DA:188,68
DA:189,68
DA:191,136
DA:194,0
DA:198,11
DA:199,52
DA:200,1
DA:203,43
DA:204,43
DA:205,43
DA:207,43
DA:211,86
DA:212,8
DA:213,24
DA:214,16
DA:216,3
DA:219,5
DA:220,5
DA:223,5
DA:224,20
DA:225,5
DA:226,2
DA:227,4
DA:228,1
DA:229,3
DA:233,12
DA:234,8
DA:236,1
DA:238,2
DA:240,8
DA:241,1
DA:242,1
DA:243,4
DA:248,1
DA:251,4
DA:252,16
DA:253,4
DA:255,4
DA:256,3
DA:258,5
DA:259,1
DA:260,4
DA:264,6
DA:265,3
DA:266,9
DA:268,6
DA:269,1
DA:270,5
DA:275,114
DA:276,76
DA:281,76
DA:282,29
DA:283,29
DA:284,87
DA:285,29
DA:286,29
DA:287,19
DA:288,19
DA:289,76
DA:290,76
DA:299,1
DA:301,1
DA:305,11
DA:306,21
DA:307,14
DA:308,7
DA:309,21
DA:316,28
DA:317,5
DA:319,4
DA:320,4
DA:321,4
DA:324,2
DA:325,0
DA:329,2
DA:330,2
DA:336,7
DA:337,35
DA:338,35
DA:339,7
DA:341,26
DA:342,52
DA:343,52
DA:347,21
DA:348,21
DA:349,21
DA:350,21
DA:351,20
DA:352,20
DA:353,80
DA:354,80
DA:358,20
DA:360,16
DA:362,14
DA:368,24
DA:370,24
DA:372,14
DA:375,0
DA:379,0
DA:380,0
DA:385,37
DA:386,37
DA:387,38
DA:392,74
DA:393,105
DA:395,15
DA:398,32
DA:399,32
DA:402,32
DA:403,31
DA:404,31
DA:405,18
DA:406,36
DA:407,9
DA:408,27
DA:412,85
DA:414,8
DA:416,16
DA:418,64
DA:419,8
DA:420,20
DA:421,26
DA:425,8
DA:428,28
DA:429,28
DA:431,25
DA:433,25
DA:434,5
DA:435,20
DA:439,44
DA:440,22
DA:441,66
DA:443,30
DA:444,5
DA:445,25
DA:451,0
DA:455,11
DA:457,25
DA:458,5
DA:459,20
DA:463,21
DA:464,105
DA:465,21
DA:466,14
DA:471,8
DA:473,16
DA:475,16
DA:476,24
DA:477,8
DA:478,18
DA:479,8
DA:481,8
DA:487,36
DA:490,5
DA:491,5
DA:492,5
DA:493,0
DA:494,0
DA:495,0
DA:496,0
DA:500,5
DA:502,10
DA:504,40
DA:505,5
DA:506,8
DA:507,14
DA:512,4
DA:514,6
DA:515,3
DA:518,2
DA:521,5
DA:522,1
DA:523,4
DA:527,2
DA:528,1
DA:529,3
DA:531,6
DA:532,1
DA:533,5
DA:539,25
DA:540,123
DA:542,9
DA:545,18
DA:546,18
DA:549,18
DA:550,18
DA:551,18
DA:552,2
DA:553,4
DA:554,1
DA:555,3
DA:560,49
DA:562,5
DA:564,10
DA:566,40
DA:567,5
DA:568,14
DA:569,11
DA:573,5
DA:576,15
DA:577,15
DA:579,12
DA:581,10
DA:582,2
DA:583,8
DA:587,20
DA:588,10
DA:589,30
DA:591,18
DA:592,3
DA:593,15
DA:600,25
DA:602,14
DA:604,19
DA:610,11
DA:612,8
DA:614,7
DA:620,8
DA:623,48
DA:624,7
DA:627,7
DA:628,7
DA:629,2
DA:630,4
DA:631,1
DA:632,3
DA:636,6
DA:638,6
DA:640,24
DA:641,3
DA:642,3
DA:643,12
DA:648,6
DA:651,6
DA:652,2
DA:654,1
DA:656,0
DA:657,0
DA:658,0
DA:662,2
DA:663,1
DA:664,3
DA:666,6
DA:667,1
DA:668,5
DA:673,4
DA:674,2
DA:676,0
DA:678,0
DA:679,0
DA:680,0
DA:684,0
DA:685,0
DA:686,0
DA:688,12
DA:689,2
DA:690,10
DA:697,28
DA:699,28
DA:702,162
DA:703,81
DA:706,27
DA:707,135
DA:708,27
DA:709,6
DA:710,12
DA:711,3
DA:712,9
DA:716,52
DA:717,104
DA:718,26
DA:720,24
DA:721,14
DA:723,50
DA:724,10
DA:725,40
DA:729,28
DA:730,14
DA:731,42
DA:733,30
DA:734,5
DA:735,25
DA:739,92
DA:741,92
DA:742,92
DA:743,92
DA:745,92
DA:747,92
DA:748,92
DA:751,40
DA:754,92
DA:757,74
DA:760,276
LF:357
LH:337
end_of_record
