SF:lib/repository/match_repository.dart
DA:12,1
DA:13,2
DA:14,2
DA:15,2
DA:16,1
DA:17,1
DA:29,158
DA:34,148
DA:35,147
DA:36,156
DA:38,35
DA:39,35
DA:41,69
DA:42,75
DA:43,65
DA:46,11
DA:47,12
DA:52,71
DA:53,71
DA:54,1
DA:57,350
DA:59,70
DA:61,70
DA:62,15
DA:64,130
DA:66,1
DA:67,0
DA:69,68
DA:71,68
DA:72,68
DA:74,68
DA:75,15
DA:77,126
DA:79,0
DA:80,0
DA:81,0
DA:83,204
DA:84,68
DA:85,68
DA:86,68
DA:88,68
DA:89,68
DA:91,68
DA:92,15
DA:94,126
DA:96,0
DA:97,0
DA:98,0
DA:100,204
DA:101,68
DA:102,68
DA:103,68
DA:105,68
DA:106,68
DA:108,68
DA:109,15
DA:111,126
DA:113,0
DA:114,0
DA:115,0
DA:117,204
DA:118,68
DA:119,68
DA:120,68
DA:123,68
DA:126,68
DA:127,15
DA:129,126
DA:131,0
DA:132,0
DA:136,0
DA:137,0
DA:139,136
DA:140,68
DA:143,0
DA:144,0
DA:147,2
DA:150,69
DA:151,276
DA:158,0
DA:159,0
DA:160,0
DA:164,0
DA:165,0
DA:166,0
DA:167,0
DA:169,0
DA:170,0
DA:171,0
DA:172,0
DA:174,0
DA:175,0
DA:176,0
DA:177,0
DA:179,0
DA:181,0
DA:182,0
DA:186,18
DA:188,3
DA:190,12
DA:191,3
DA:192,3
DA:194,6
DA:197,3
DA:201,153
DA:202,26
DA:203,78
DA:204,26
DA:205,52
DA:209,104
DA:213,26
DA:214,18
DA:215,18
DA:218,6
DA:222,25
DA:223,25
DA:226,25
DA:230,6
DA:231,36
DA:232,30
DA:234,6
DA:235,2
DA:236,3
DA:237,3
DA:240,1
DA:245,6
DA:246,6
DA:249,6
DA:250,36
DA:251,12
DA:252,12
DA:253,24
DA:254,12
DA:256,6
DA:257,3
DA:258,3
DA:261,1
DA:262,1
DA:267,6
DA:268,6
DA:272,138
DA:273,24
DA:274,72
DA:275,24
DA:276,48
DA:278,24
DA:279,27
DA:280,27
DA:283,9
DA:287,22
DA:288,22
DA:291,4
DA:292,24
DA:293,20
DA:295,4
DA:296,4
DA:297,6
DA:298,6
DA:301,2
DA:306,3
DA:307,3
DA:310,6
DA:311,36
DA:312,12
DA:313,12
DA:314,24
DA:315,12
DA:317,6
DA:318,12
DA:319,12
DA:322,4
DA:323,4
DA:328,5
DA:329,5
DA:333,120
DA:334,18
DA:335,54
DA:336,18
DA:337,36
DA:339,18
DA:340,12
DA:341,12
DA:344,4
DA:348,18
DA:349,18
DA:352,6
DA:353,48
DA:354,42
DA:356,6
DA:357,2
DA:358,3
DA:359,3
DA:362,1
DA:367,6
DA:368,6
DA:371,6
DA:372,12
DA:373,42
DA:375,12
DA:376,12
DA:377,24
DA:378,12
DA:380,6
DA:381,9
DA:382,9
DA:385,3
DA:386,3
DA:391,6
DA:392,6
DA:396,20
DA:398,97
DA:404,20
DA:406,100
DA:412,15
DA:414,30
DA:415,40
LF:216
LH:182
end_of_record
SF:lib/viewmodel/team_game_viewmodel.dart
DA:9,8
DA:11,7
DA:13,6
DA:15,2
DA:16,4
DA:17,2
DA:18,2
DA:21,2
DA:22,4
DA:23,2
DA:24,2
DA:27,2
DA:28,4
DA:29,6
DA:30,2
DA:31,2
DA:34,1
DA:35,6
DA:36,1
DA:37,1
DA:40,1
DA:41,6
DA:42,2
DA:43,3
DA:45,4
DA:46,3
DA:47,1
DA:48,1
DA:52,2
DA:56,2
DA:58,6
DA:59,4
DA:61,12
DA:62,8
DA:63,2
DA:64,2
DA:67,2
DA:68,6
DA:69,4
DA:71,2
DA:72,2
DA:75,2
DA:76,6
DA:79,3
DA:80,6
DA:81,4
DA:82,3
LF:47
LH:47
end_of_record
SF:lib/models/team_game.dart
DA:6,8
DA:8,2
DA:9,1
DA:10,1
DA:11,2
DA:14,4
DA:15,2
DA:16,2
DA:17,2
DA:29,71
DA:30,69
DA:31,213
DA:32,213
DA:34,2
DA:35,1
DA:36,1
DA:37,1
DA:38,4
DA:39,1
DA:40,0
DA:41,1
DA:42,1
DA:45,10
DA:46,5
DA:47,5
DA:48,19
DA:49,5
DA:50,5
DA:56,2
DA:57,2
DA:58,8
DA:59,4
DA:60,12
DA:63,7
DA:64,6
DA:65,8
LF:36
LH:35
end_of_record
SF:lib/services/persistence_service.dart
DA:13,40
DA:20,72
DA:30,128
DA:33,29
DA:34,47
DA:35,11
DA:36,33
DA:37,11
DA:38,6
DA:39,30
DA:44,29
DA:45,29
DA:46,29
DA:47,24
DA:49,48
DA:50,24
DA:53,18
DA:54,24
DA:55,10
DA:56,5
DA:58,5
DA:59,5
DA:60,22
DA:65,2
DA:66,4
DA:67,2
DA:69,2
DA:73,3
DA:75,1
DA:78,2
DA:80,24
DA:84,4
DA:85,12
DA:86,7
DA:88,9
DA:89,6
DA:90,6
DA:95,3
DA:96,9
DA:97,3
DA:100,2
DA:101,4
DA:102,2
DA:103,2
DA:104,1
DA:105,0
DA:107,2
DA:108,2
DA:113,2
DA:114,1
DA:121,9
DA:123,3
DA:124,5
DA:125,6
DA:126,2
DA:127,2
DA:128,1
DA:129,2
DA:130,6
DA:132,3
DA:135,2
DA:136,2
DA:137,6
DA:139,2
DA:141,9
DA:144,3
DA:145,3
DA:146,3
DA:147,6
DA:148,6
DA:151,0
DA:162,7
DA:163,6
DA:166,3
DA:171,0
DA:175,3
DA:178,2
DA:179,4
DA:181,2
DA:182,2
DA:183,0
DA:184,0
DA:188,2
DA:189,2
DA:191,2
DA:194,0
DA:197,3
DA:199,4
DA:200,2
DA:201,4
DA:203,0
DA:210,8
DA:211,8
DA:214,4
DA:216,2
DA:217,2
DA:218,4
DA:219,4
DA:220,10
DA:221,10
DA:222,2
DA:224,4
DA:227,0
DA:232,4
DA:234,3
DA:235,3
DA:236,6
DA:237,6
DA:238,15
DA:239,15
DA:240,3
DA:242,6
DA:245,0
DA:250,4
DA:252,4
DA:253,4
DA:254,7
DA:255,6
DA:256,15
DA:257,15
DA:258,3
DA:260,8
DA:263,0
DA:268,4
DA:270,1
DA:271,1
DA:272,5
DA:273,5
DA:274,2
DA:277,0
DA:282,8
DA:283,8
DA:286,4
DA:288,2
DA:289,2
DA:290,4
DA:291,4
DA:292,4
DA:293,4
DA:294,2
DA:295,2
DA:296,2
DA:297,2
DA:298,2
DA:300,4
DA:303,0
DA:308,4
DA:310,3
DA:311,3
DA:312,6
DA:313,6
DA:314,6
DA:315,6
DA:316,3
DA:317,3
DA:318,3
DA:319,3
DA:320,3
DA:322,6
DA:325,0
DA:330,4
DA:332,4
DA:333,4
DA:334,7
DA:335,6
DA:336,6
DA:337,6
DA:338,3
DA:339,3
DA:340,3
DA:341,3
DA:342,3
DA:344,8
DA:347,0
DA:352,4
DA:354,1
DA:355,1
DA:356,2
DA:357,2
DA:358,1
DA:359,1
DA:360,1
DA:361,1
DA:362,2
DA:365,0
DA:369,8
DA:370,8
DA:377,74
DA:378,74
DA:380,72
DA:381,24
DA:383,72
DA:387,74
DA:388,74
DA:390,72
DA:391,14
DA:392,7
DA:393,7
DA:396,72
DA:400,74
DA:401,74
DA:403,72
DA:404,12
DA:405,6
DA:406,6
DA:407,12
DA:408,6
DA:409,6
DA:410,6
DA:411,6
DA:412,6
DA:413,6
DA:414,6
DA:415,6
DA:418,72
DA:428,11
DA:429,11
DA:430,11
DA:432,11
DA:433,11
DA:434,33
DA:436,11
DA:438,11
DA:439,11
DA:440,11
DA:442,11
DA:443,11
DA:444,11
DA:445,11
DA:457,7
DA:458,7
DA:459,7
DA:463,1
DA:464,1
DA:465,1
DA:466,2
DA:470,2
DA:472,0
DA:476,1
DA:478,0
DA:483,1
DA:484,0
DA:486,1
DA:490,0
DA:491,0
DA:492,0
DA:494,0
DA:506,11
DA:507,11
DA:510,11
DA:512,0
DA:517,11
DA:518,11
DA:521,2
DA:525,31
DA:526,3
DA:529,10
DA:530,10
DA:531,10
DA:532,30
DA:533,0
DA:538,12
DA:539,6
DA:540,6
DA:541,6
DA:548,9
DA:549,18
DA:551,0
DA:558,26
DA:559,36
DA:560,26
DA:563,10
DA:564,8
DA:567,2
DA:568,4
DA:575,13
DA:576,12
DA:577,12
DA:579,18
DA:580,31
DA:581,31
DA:583,13
DA:584,12
DA:585,12
DA:591,10
DA:592,10
DA:593,10
DA:596,10
DA:597,10
DA:598,0
DA:599,0
DA:601,10
DA:602,12
DA:603,4
DA:604,4
DA:606,10
DA:607,10
DA:608,0
DA:609,0
DA:613,13
DA:614,6
DA:615,3
DA:616,3
DA:617,3
DA:623,3
DA:625,0
DA:626,0
DA:627,0
DA:634,0
DA:639,10
DA:640,0
DA:641,0
DA:642,0
DA:645,0
DA:647,0
DA:652,18
DA:653,16
DA:654,8
DA:655,8
DA:656,7
DA:662,7
DA:664,2
DA:665,6
DA:666,1
DA:673,1
DA:677,12
DA:678,10
DA:679,0
DA:680,0
DA:683,0
DA:685,0
DA:690,13
DA:691,9
DA:692,3
DA:693,3
DA:694,3
DA:700,3
DA:702,0
DA:703,0
DA:704,0
DA:711,0
DA:715,10
DA:716,0
DA:717,0
DA:718,0
DA:721,0
DA:723,0
DA:727,0
DA:731,10
DA:732,10
DA:733,10
DA:735,0
DA:736,0
DA:739,20
DA:740,10
DA:741,10
DA:742,10
DA:746,16
DA:747,48
DA:748,16
DA:749,48
DA:750,16
DA:751,48
DA:752,16
DA:753,48
DA:754,64
DA:755,16
DA:759,32
DA:765,20
DA:766,20
DA:767,17
DA:768,17
DA:771,25
DA:772,50
DA:773,25
DA:774,40
DA:775,20
DA:776,60
DA:777,20
DA:778,60
DA:780,57
DA:781,38
DA:782,19
DA:784,15
DA:785,45
DA:786,45
DA:787,15
DA:791,3
DA:792,3
DA:793,9
DA:794,6
DA:795,3
DA:799,14
DA:800,14
DA:801,14
DA:802,14
DA:803,14
DA:804,14
DA:806,13
DA:810,1
DA:811,1
DA:814,0
DA:815,0
DA:828,137
LF:404
LH:348
end_of_record
SF:lib/models/match_stage.dart
DA:9,46
DA:10,138
DA:11,138
DA:13,2
DA:14,1
DA:15,1
DA:16,2
DA:17,2
DA:20,18
DA:21,9
DA:22,9
DA:23,9
DA:24,9
LF:13
LH:13
end_of_record
SF:lib/models/shooter.dart
DA:11,49
DA:12,126
DA:13,126
DA:15,24
DA:16,12
DA:17,12
DA:18,12
DA:19,12
DA:20,12
DA:23,24
DA:24,12
DA:25,24
DA:26,18
DA:27,20
DA:28,20
LF:15
LH:15
end_of_record
SF:lib/models/stage_result.dart
DA:6,8
DA:7,120
DA:8,8
DA:12,8
DA:13,16
DA:14,32
DA:18,24
DA:39,29
DA:53,87
DA:54,87
DA:56,2
DA:71,2
DA:72,2
DA:73,2
DA:74,2
DA:75,2
DA:76,2
DA:77,2
DA:78,2
DA:79,2
DA:80,2
DA:81,1
DA:82,2
DA:83,2
DA:84,2
DA:88,6
DA:89,6
DA:90,6
DA:91,6
DA:92,6
DA:93,6
DA:94,6
DA:95,6
DA:96,6
DA:97,6
DA:98,6
DA:99,6
DA:100,6
DA:101,6
DA:102,6
LF:40
LH:40
end_of_record
SF:lib/services/platform_info_io.dart
DA:3,22
LF:1
LH:1
end_of_record
SF:lib/viewmodel/match_setup_viewmodel.dart
DA:9,16
DA:12,10
DA:13,20
DA:14,20
DA:17,54
DA:22,32
DA:25,0
DA:31,0
DA:33,0
DA:39,5
DA:40,10
DA:44,6
DA:45,12
DA:48,12
DA:51,10
DA:52,15
DA:53,5
DA:56,0
DA:60,0
LF:19
LH:14
end_of_record
SF:lib/views/match_setup_view.dart
DA:9,1
DA:11,10
DA:12,10
DA:21,10
DA:23,20
DA:24,20
DA:25,10
DA:28,10
DA:30,10
DA:31,10
DA:32,10
DA:37,30
DA:39,10
DA:40,10
DA:41,10
DA:43,10
DA:45,10
DA:46,10
DA:48,10
DA:50,10
DA:51,10
DA:52,10
DA:54,10
DA:61,10
DA:64,10
DA:66,10
DA:74,10
DA:75,4
DA:77,4
DA:78,4
DA:82,10
DA:83,10
DA:84,10
DA:85,10
DA:86,10
DA:89,5
DA:90,15
DA:91,5
DA:92,10
DA:95,9
DA:100,5
DA:101,0
DA:103,0
DA:105,0
DA:106,0
DA:107,0
DA:108,0
DA:112,0
DA:113,0
DA:119,5
DA:122,10
DA:124,15
DA:126,8
DA:127,8
DA:130,0
DA:131,0
DA:136,2
DA:137,2
DA:140,2
DA:141,2
DA:142,4
DA:145,0
DA:149,2
DA:150,0
DA:152,0
DA:154,0
DA:155,0
DA:156,0
DA:157,0
DA:161,0
DA:162,0
DA:168,4
DA:171,4
DA:173,6
DA:175,6
DA:176,4
DA:177,4
DA:180,0
DA:181,0
DA:188,2
DA:189,1
DA:190,3
DA:191,2
DA:192,2
DA:193,1
DA:210,10
DA:211,10
DA:212,10
DA:213,1
DA:214,5
DA:215,5
DA:216,5
DA:218,5
DA:220,5
DA:221,15
DA:223,5
DA:225,5
DA:226,5
DA:227,15
DA:229,2
DA:230,4
DA:231,4
DA:232,8
DA:233,6
DA:234,2
DA:235,2
DA:239,5
DA:240,15
DA:242,2
DA:243,2
DA:245,4
DA:247,6
DA:248,2
DA:249,2
DA:250,0
DA:253,2
DA:254,6
DA:260,2
DA:261,4
DA:262,4
DA:263,6
DA:264,0
DA:265,0
DA:266,0
LF:124
LH:99
end_of_record
SF:lib/views/shooter_setup_view.dart
DA:7,2
DA:9,6
DA:11,6
DA:12,12
DA:19,6
DA:21,6
DA:22,6
DA:31,6
DA:33,12
DA:34,12
DA:35,6
DA:38,6
DA:40,24
DA:41,6
DA:42,6
DA:43,6
DA:45,6
DA:47,6
DA:48,6
DA:50,6
DA:52,6
DA:53,6
DA:54,6
DA:56,6
DA:62,6
DA:65,6
DA:67,6
DA:73,6
DA:77,6
DA:78,3
DA:80,3
DA:81,3
DA:85,6
DA:86,6
DA:87,6
DA:88,6
DA:89,6
DA:92,3
DA:93,9
DA:94,3
DA:95,6
DA:98,6
DA:102,9
DA:103,9
DA:105,4
DA:106,4
DA:109,0
DA:114,2
DA:115,2
DA:118,2
DA:119,2
DA:120,4
DA:123,0
DA:127,8
DA:128,6
DA:130,6
DA:131,4
DA:132,4
DA:135,0
DA:141,2
DA:142,1
DA:143,3
DA:144,2
DA:145,2
DA:146,1
DA:163,6
DA:164,6
DA:165,6
DA:166,0
DA:167,3
DA:168,3
DA:169,3
DA:171,3
DA:173,3
DA:174,3
DA:175,6
DA:177,3
DA:178,6
DA:179,9
DA:184,3
DA:185,9
DA:187,3
DA:189,3
DA:190,3
DA:191,9
DA:193,2
DA:194,4
DA:195,4
DA:196,6
DA:197,6
DA:198,2
DA:199,2
DA:203,3
DA:204,9
DA:206,2
DA:207,2
DA:209,4
DA:211,6
DA:212,2
DA:213,2
DA:214,0
DA:217,2
DA:218,6
DA:224,2
DA:225,8
DA:226,4
DA:227,6
DA:228,0
DA:229,0
DA:230,0
LF:110
LH:102
end_of_record
SF:lib/viewmodel/shooter_setup_viewmodel.dart
DA:9,9
DA:12,5
DA:13,10
DA:14,10
DA:17,27
DA:21,12
DA:24,0
DA:28,0
DA:34,3
DA:35,6
DA:38,6
DA:42,9
DA:45,3
DA:46,3
DA:47,3
DA:48,3
DA:51,0
DA:55,0
DA:61,3
DA:62,6
LF:20
LH:16
end_of_record
SF:lib/views/stage_input_view.dart
DA:7,3
DA:8,11
DA:9,11
DA:37,11
DA:39,11
DA:40,30
DA:41,16
DA:44,12
DA:45,7
DA:46,0
DA:47,0
DA:48,0
DA:50,0
DA:52,0
DA:54,0
DA:62,11
DA:64,22
DA:65,22
DA:66,22
DA:67,22
DA:68,22
DA:69,22
DA:70,22
DA:71,22
DA:72,22
DA:73,11
DA:76,1
DA:77,3
DA:78,3
DA:81,1
DA:82,3
DA:83,3
DA:86,2
DA:87,2
DA:88,3
DA:89,1
DA:90,1
DA:92,0
DA:93,0
DA:94,0
DA:95,0
DA:98,3
DA:100,12
DA:101,12
DA:102,12
DA:103,12
DA:104,12
DA:105,12
DA:106,9
DA:107,6
DA:108,6
DA:109,3
DA:110,3
DA:112,6
DA:113,6
DA:114,3
DA:115,6
DA:119,2
DA:120,2
DA:121,2
DA:123,1
DA:124,3
DA:125,3
DA:128,1
DA:129,3
DA:130,3
DA:133,1
DA:134,3
DA:135,3
DA:138,2
DA:139,6
DA:140,6
DA:143,11
DA:145,11
DA:146,11
DA:147,11
DA:148,11
DA:149,11
DA:150,11
DA:151,11
DA:152,55
DA:153,33
DA:163,11
DA:164,11
DA:165,22
DA:169,22
DA:171,11
DA:172,11
DA:173,11
DA:174,11
DA:176,11
DA:178,11
DA:179,21
DA:180,3
DA:181,3
DA:182,3
DA:189,10
DA:190,10
DA:192,10
DA:193,10
DA:194,10
DA:195,10
DA:196,10
DA:198,10
DA:200,10
DA:201,10
DA:204,20
DA:205,10
DA:210,10
DA:212,0
DA:213,0
DA:214,0
DA:216,0
DA:217,0
DA:218,0
DA:219,0
DA:220,0
DA:223,0
DA:224,10
DA:227,10
DA:228,20
DA:230,20
DA:239,20
DA:240,10
DA:245,10
DA:247,0
DA:248,0
DA:249,0
DA:251,3
DA:252,8
DA:253,1
DA:254,1
DA:256,1
DA:257,3
DA:261,1
DA:262,10
DA:265,10
DA:266,20
DA:276,10
DA:277,10
DA:278,10
DA:280,1
DA:281,3
DA:282,2
DA:283,1
DA:284,1
DA:285,2
DA:286,1
DA:287,2
DA:288,3
DA:289,3
DA:292,10
DA:293,10
DA:295,10
DA:301,20
DA:306,10
DA:307,7
DA:308,7
DA:309,7
DA:311,14
DA:312,1
DA:313,2
DA:314,1
DA:315,1
DA:316,3
DA:321,42
DA:329,29
DA:330,3
DA:331,3
DA:332,6
DA:333,3
DA:334,15
DA:335,3
DA:336,9
DA:337,3
DA:338,9
DA:345,7
DA:348,4
DA:354,0
DA:355,0
DA:356,0
DA:357,0
DA:358,0
DA:359,0
DA:360,0
DA:361,0
DA:362,0
DA:363,0
DA:372,4
DA:373,0
DA:374,0
DA:375,0
DA:376,0
DA:377,0
DA:378,0
DA:379,0
DA:381,0
DA:383,0
DA:384,0
DA:385,0
DA:386,0
DA:390,2
DA:391,2
DA:392,4
DA:393,2
DA:394,2
DA:395,6
DA:402,30
DA:403,5
DA:404,10
DA:406,20
DA:414,5
DA:415,0
DA:416,0
DA:417,0
DA:418,0
DA:424,5
DA:425,20
DA:426,22
DA:430,15
DA:431,5
DA:432,15
DA:434,10
DA:438,5
DA:439,10
DA:442,15
DA:443,21
DA:447,10
DA:449,1
DA:450,3
DA:451,2
DA:452,1
DA:453,1
DA:454,2
DA:455,1
DA:456,2
DA:457,3
DA:458,3
DA:465,10
DA:466,10
DA:467,10
DA:469,1
DA:470,3
DA:471,2
DA:472,1
DA:475,10
DA:476,10
DA:478,10
DA:484,20
DA:490,6
DA:491,6
DA:492,18
DA:494,6
DA:495,6
DA:498,18
DA:502,10
DA:504,1
DA:505,3
DA:506,2
DA:507,1
DA:514,10
DA:515,10
DA:516,10
DA:518,1
DA:519,3
DA:520,2
DA:521,1
DA:524,10
DA:525,10
DA:527,10
DA:533,20
DA:539,5
DA:540,5
DA:541,15
DA:543,5
DA:544,5
DA:547,15
DA:551,10
DA:553,1
DA:554,3
DA:555,2
DA:556,1
DA:563,10
DA:564,10
DA:565,10
DA:567,1
DA:568,3
DA:569,2
DA:570,1
DA:573,10
DA:574,10
DA:576,10
DA:582,20
DA:588,5
DA:589,10
DA:590,15
DA:592,5
DA:593,5
DA:596,15
DA:600,10
DA:602,1
DA:603,3
DA:604,2
DA:605,1
DA:612,10
DA:613,10
DA:614,10
DA:616,1
DA:617,3
DA:618,2
DA:619,1
DA:622,10
DA:623,10
DA:625,10
DA:631,20
DA:637,5
DA:638,5
DA:639,15
DA:641,5
DA:642,5
DA:645,15
DA:649,10
DA:651,1
DA:652,3
DA:653,2
DA:654,1
DA:661,10
DA:662,10
DA:663,10
DA:665,1
DA:666,3
DA:667,2
DA:668,1
DA:671,10
DA:672,10
DA:674,10
DA:680,20
DA:686,3
DA:687,3
DA:688,9
DA:690,3
DA:691,3
DA:694,9
DA:698,10
DA:700,1
DA:701,3
DA:702,2
DA:703,1
DA:710,10
DA:711,10
DA:712,10
DA:714,2
DA:715,6
DA:716,4
DA:717,2
DA:720,10
DA:721,10
DA:723,10
DA:729,20
DA:735,4
DA:736,4
DA:737,12
DA:739,4
DA:740,4
DA:743,12
DA:747,10
DA:749,2
DA:750,6
DA:751,4
DA:752,2
DA:759,10
DA:760,10
DA:763,10
DA:764,10
DA:766,10
DA:767,1
DA:768,1
DA:770,10
DA:771,10
DA:772,10
DA:773,10
DA:781,10
DA:787,10
DA:788,2
DA:798,10
DA:801,2
DA:802,2
DA:803,2
DA:804,2
DA:805,10
DA:808,20
DA:811,9
DA:813,9
DA:818,10
DA:819,10
DA:820,10
DA:821,40
DA:823,40
DA:830,10
DA:833,10
DA:835,0
DA:836,0
DA:837,0
DA:838,0
DA:839,0
DA:842,0
DA:846,10
DA:848,10
DA:849,10
DA:852,10
DA:853,10
DA:854,10
DA:862,10
DA:864,10
DA:866,10
DA:868,10
DA:869,0
DA:870,4
DA:871,4
DA:872,4
DA:874,4
DA:876,8
DA:877,4
DA:879,4
DA:882,14
DA:883,2
DA:885,15
DA:889,16
DA:890,6
DA:891,3
DA:892,24
DA:893,6
DA:894,6
DA:895,3
DA:896,18
DA:899,14
DA:902,4
DA:904,4
DA:905,4
DA:906,16
DA:908,3
DA:909,6
DA:910,6
DA:911,6
DA:912,12
DA:913,3
DA:917,4
DA:918,16
DA:920,3
DA:921,3
DA:923,6
DA:925,12
DA:926,3
DA:927,3
DA:928,0
DA:931,3
DA:932,9
DA:938,3
DA:939,6
DA:940,6
DA:941,3
DA:942,6
DA:943,3
DA:944,3
LF:464
LH:408
end_of_record
SF:lib/viewmodel/stage_input_viewmodel.dart
DA:9,2
DA:10,2
DA:11,2
DA:23,15
DA:24,23
DA:25,8
DA:26,8
DA:28,45
DA:31,5
DA:33,15
DA:34,5
DA:38,22
DA:39,22
DA:41,13
DA:42,13
DA:43,13
DA:44,13
DA:47,13
DA:48,13
DA:49,13
DA:50,13
DA:53,13
DA:54,26
DA:55,13
DA:58,52
DA:60,12
DA:61,12
DA:62,12
DA:63,12
DA:64,12
DA:65,12
DA:66,12
DA:67,12
DA:68,12
DA:70,13
DA:74,13
DA:75,13
DA:76,13
DA:77,13
DA:78,13
DA:79,13
DA:80,13
DA:81,13
DA:82,13
DA:83,13
DA:86,8
DA:87,8
DA:88,136
DA:91,13
DA:92,58
DA:94,11
DA:95,33
DA:96,33
DA:99,13
DA:100,13
DA:101,36
DA:104,24
DA:106,25
DA:107,113
DA:110,13
DA:111,13
DA:112,36
DA:115,24
DA:116,24
DA:117,24
DA:118,24
DA:119,24
DA:120,24
DA:121,24
DA:125,24
DA:126,99
DA:127,22
DA:129,12
DA:134,10
DA:135,3
DA:140,5
DA:141,10
DA:143,5
DA:144,5
DA:145,5
DA:146,5
DA:147,5
DA:148,5
DA:149,5
DA:150,10
DA:161,5
DA:162,5
DA:163,5
DA:171,5
DA:172,5
DA:174,20
DA:176,10
DA:178,6
DA:181,5
DA:182,5
DA:186,3
DA:187,3
DA:188,6
DA:190,3
DA:191,3
DA:192,3
DA:193,3
DA:194,3
DA:195,3
DA:196,3
DA:198,3
DA:201,3
DA:202,3
DA:203,3
DA:206,5
DA:207,10
DA:208,20
DA:209,5
LF:113
LH:113
end_of_record
SF:lib/widgets/radio_group.dart
DA:8,12
DA:17,12
DA:25,12
DA:27,24
DA:28,10
DA:29,30
DA:30,10
DA:31,10
DA:32,4
DA:33,10
DA:35,10
DA:36,10
DA:38,40
DA:40,20
DA:41,10
DA:42,10
DA:48,10
DA:52,2
DA:53,6
DA:54,2
DA:55,4
DA:57,8
DA:58,2
DA:59,2
DA:61,2
LF:25
LH:25
end_of_record
SF:lib/viewmodel/main_menu_viewmodel.dart
DA:7,3
DA:10,1
DA:11,1
DA:15,2
DA:16,4
LF:5
LH:5
end_of_record
SF:lib/views/settings_view.dart
DA:52,92
DA:62,93
DA:63,93
DA:68,81
DA:69,81
DA:70,81
DA:71,81
DA:72,81
DA:73,81
DA:74,81
DA:75,81
DA:76,81
DA:77,81
DA:78,648
DA:85,20
DA:86,20
DA:87,20
DA:88,20
DA:89,20
DA:90,20
DA:91,20
DA:92,100
DA:99,20
DA:100,100
DA:106,21
DA:107,21
DA:115,8
DA:116,32
DA:117,32
DA:118,32
DA:119,32
DA:120,120
DA:125,10
DA:128,100
DA:129,100
DA:130,100
DA:131,100
DA:132,100
DA:133,100
DA:134,100
DA:135,100
DA:136,100
DA:137,100
DA:139,100
DA:140,100
DA:141,100
DA:142,100
DA:143,100
DA:144,100
DA:145,100
DA:146,100
DA:147,100
DA:148,100
DA:155,5
DA:156,5
DA:162,4
DA:164,20
DA:165,20
DA:166,20
DA:167,20
DA:176,2
DA:177,2
DA:179,2
DA:180,2
DA:182,89
DA:187,69
DA:188,69
DA:193,69
DA:194,69
DA:195,69
DA:197,138
DA:200,0
DA:204,13
DA:205,62
DA:206,1
DA:209,43
DA:210,43
DA:211,43
DA:213,43
DA:217,86
DA:218,8
DA:219,24
DA:220,16
DA:222,3
DA:225,5
DA:226,5
DA:229,5
DA:230,20
DA:231,5
DA:232,2
DA:233,4
DA:234,1
DA:235,3
DA:239,12
DA:240,8
DA:242,1
DA:244,2
DA:246,8
DA:247,1
DA:248,1
DA:249,4
DA:254,1
DA:257,4
DA:258,16
DA:259,4
DA:261,4
DA:262,3
DA:264,5
DA:265,1
DA:266,4
DA:270,6
DA:271,3
DA:272,9
DA:274,6
DA:275,1
DA:276,5
DA:281,114
DA:282,76
DA:287,76
DA:288,29
DA:289,29
DA:290,87
DA:291,29
DA:292,29
DA:293,19
DA:294,19
DA:295,76
DA:296,76
DA:305,1
DA:307,1
DA:311,11
DA:312,21
DA:313,14
DA:314,7
DA:315,21
DA:322,28
DA:323,5
DA:325,4
DA:326,4
DA:327,4
DA:330,2
DA:331,0
DA:335,2
DA:336,2
DA:342,7
DA:343,35
DA:344,35
DA:345,7
DA:347,26
DA:348,52
DA:349,52
DA:353,21
DA:354,21
DA:355,21
DA:356,21
DA:357,20
DA:358,20
DA:359,80
DA:360,80
DA:364,20
DA:366,16
DA:368,14
DA:374,24
DA:376,24
DA:378,14
DA:381,0
DA:385,0
DA:386,0
DA:391,37
DA:392,37
DA:393,38
DA:398,74
DA:399,105
DA:401,15
DA:404,32
DA:405,32
DA:408,32
DA:409,31
DA:410,31
DA:411,18
DA:412,36
DA:413,9
DA:414,27
DA:418,85
DA:420,8
DA:422,16
DA:424,64
DA:425,8
DA:426,20
DA:427,26
DA:431,8
DA:434,28
DA:435,28
DA:437,25
DA:439,25
DA:440,5
DA:441,20
DA:445,44
DA:446,22
DA:447,66
DA:449,30
DA:450,5
DA:451,25
DA:457,0
DA:461,11
DA:463,25
DA:464,5
DA:465,20
DA:469,21
DA:470,105
DA:471,21
DA:472,14
DA:477,8
DA:479,16
DA:481,16
DA:482,24
DA:483,8
DA:484,18
DA:485,8
DA:487,8
DA:493,36
DA:496,5
DA:497,5
DA:498,5
DA:499,0
DA:500,0
DA:501,0
DA:502,0
DA:506,5
DA:508,10
DA:510,40
DA:511,5
DA:512,8
DA:513,14
DA:518,4
DA:520,6
DA:521,3
DA:524,2
DA:527,5
DA:528,1
DA:529,4
DA:533,2
DA:534,1
DA:535,3
DA:537,6
DA:538,1
DA:539,5
DA:545,25
DA:546,123
DA:548,9
DA:551,18
DA:552,18
DA:555,18
DA:556,18
DA:557,18
DA:558,2
DA:559,4
DA:560,1
DA:561,3
DA:566,49
DA:568,5
DA:570,10
DA:572,40
DA:573,5
DA:574,14
DA:575,11
DA:579,5
DA:582,15
DA:583,15
DA:585,12
DA:587,10
DA:588,2
DA:589,8
DA:593,20
DA:594,10
DA:595,30
DA:597,18
DA:598,3
DA:599,15
DA:606,25
DA:608,14
DA:610,19
DA:616,11
DA:618,8
DA:620,7
DA:626,8
DA:629,48
DA:630,7
DA:633,7
DA:634,7
DA:635,2
DA:636,4
DA:637,1
DA:638,3
DA:642,6
DA:644,6
DA:646,24
DA:647,3
DA:648,3
DA:649,12
DA:654,6
DA:657,6
DA:658,2
DA:660,1
DA:662,0
DA:663,0
DA:664,0
DA:668,2
DA:669,1
DA:670,3
DA:672,6
DA:673,1
DA:674,5
DA:679,4
DA:680,2
DA:682,0
DA:684,0
DA:685,0
DA:686,0
DA:690,0
DA:691,0
DA:692,0
DA:694,12
DA:695,2
DA:696,10
DA:703,28
DA:705,28
DA:708,162
DA:709,81
DA:712,27
DA:713,135
DA:714,27
DA:715,6
DA:716,12
DA:717,3
DA:718,9
DA:722,52
DA:723,104
DA:724,26
DA:726,24
DA:727,14
DA:729,50
DA:730,10
DA:731,40
DA:735,28
DA:736,14
DA:737,42
DA:739,30
DA:740,5
DA:741,25
DA:745,93
DA:747,93
DA:748,93
DA:749,93
DA:751,93
DA:753,93
DA:754,93
DA:757,40
DA:760,93
DA:763,74
DA:766,279
LF:361
LH:341
end_of_record
SF:lib/main.dart
DA:24,1
DA:25,1
DA:26,2
DA:27,1
DA:28,0
DA:33,6
DA:35,6
DA:37,6
DA:38,6
DA:39,12
DA:40,6
DA:41,2
DA:43,6
DA:44,6
DA:46,6
DA:47,4
DA:49,6
DA:50,3
DA:51,2
DA:53,6
DA:54,2
DA:56,6
DA:57,3
DA:58,2
DA:61,6
DA:64,6
DA:65,12
DA:66,2
DA:67,2
DA:68,1
DA:69,0
DA:70,0
DA:71,0
DA:72,1
DA:73,0
DA:74,0
DA:75,0
DA:76,0
LF:38
LH:30
end_of_record
SF:lib/viewmodel/overall_result_viewmodel.dart
DA:8,10
DA:11,9
DA:12,18
DA:13,18
DA:14,18
DA:16,9
DA:17,19
DA:20,13
DA:23,20
DA:24,4
DA:25,4
DA:27,4
DA:28,8
DA:29,4
DA:30,16
DA:31,0
DA:33,4
DA:35,12
DA:36,12
DA:37,12
DA:38,12
DA:39,12
DA:40,8
DA:41,20
DA:42,8
DA:43,8
DA:46,8
DA:47,14
DA:49,4
DA:51,8
DA:52,8
DA:53,16
DA:54,20
DA:58,9
DA:59,29
DA:60,9
DA:61,21
DA:66,1
DA:67,1
DA:68,5
DA:75,5
LF:41
LH:40
end_of_record
SF:lib/views/main_menu_view.dart
DA:7,6
DA:9,13
DA:11,13
DA:13,26
DA:14,26
DA:15,26
DA:22,13
DA:23,13
DA:26,13
DA:28,13
DA:29,11
DA:36,13
DA:37,13
DA:38,13
DA:39,13
DA:42,13
DA:43,13
DA:46,6
DA:49,13
DA:52,0
DA:55,13
DA:58,4
DA:61,13
DA:64,26
DA:65,26
DA:66,2
DA:69,13
DA:72,26
DA:73,26
DA:74,0
DA:77,13
DA:82,0
DA:85,13
DA:90,0
DA:93,13
DA:98,0
DA:102,4
DA:103,4
DA:105,4
DA:111,0
DA:112,0
DA:114,0
DA:119,0
DA:120,0
DA:121,0
DA:124,0
DA:125,0
DA:131,0
DA:132,0
DA:133,0
DA:134,0
DA:135,0
DA:136,0
DA:143,10
DA:144,10
DA:146,10
DA:154,13
DA:155,13
DA:157,13
LF:59
LH:40
end_of_record
SF:lib/views/adjust_scaling_view.dart
DA:9,1
DA:11,1
DA:12,1
DA:17,1
DA:19,3
DA:20,1
DA:22,1
DA:25,1
DA:26,2
DA:27,3
DA:28,2
DA:29,1
DA:30,1
DA:32,2
DA:37,1
DA:38,2
DA:39,3
DA:40,4
DA:41,2
DA:46,6
DA:47,1
DA:48,0
DA:52,1
DA:53,1
DA:54,3
DA:55,4
DA:56,2
DA:59,5
DA:60,1
DA:61,3
DA:64,2
DA:65,2
DA:66,2
DA:68,1
DA:70,1
DA:71,2
DA:72,1
DA:75,1
DA:76,3
DA:79,2
DA:82,1
DA:84,1
DA:85,1
DA:87,1
DA:88,1
DA:89,1
DA:91,1
DA:92,1
DA:93,1
DA:94,1
DA:95,2
DA:96,1
DA:97,2
DA:98,3
DA:99,1
DA:100,1
DA:102,1
DA:103,1
DA:104,3
DA:105,1
DA:107,4
DA:109,1
DA:111,1
DA:118,3
DA:128,1
DA:130,1
DA:131,3
LF:67
LH:66
end_of_record
SF:lib/views/stage_result_view.dart
DA:8,5
DA:10,5
DA:12,5
DA:13,5
DA:14,5
DA:20,5
DA:21,5
DA:22,5
DA:27,1
DA:28,1
DA:30,1
DA:32,1
DA:35,1
DA:44,5
DA:46,5
DA:47,10
DA:48,15
DA:49,4
DA:50,8
DA:55,5
DA:57,5
DA:58,5
DA:59,5
DA:60,5
DA:62,5
DA:63,5
DA:64,5
DA:66,2
DA:67,2
DA:68,2
DA:70,2
DA:73,2
DA:74,4
DA:75,2
DA:76,6
DA:79,2
DA:80,0
DA:87,2
DA:88,2
DA:89,2
DA:91,2
DA:92,0
DA:93,2
DA:104,1
DA:106,1
DA:107,1
DA:109,1
DA:111,1
DA:113,1
DA:115,1
DA:116,1
DA:117,1
DA:118,1
DA:120,2
DA:124,1
DA:126,1
DA:127,1
DA:128,1
DA:129,1
DA:130,1
DA:132,1
DA:134,1
DA:142,1
DA:143,1
DA:144,1
DA:145,1
DA:147,1
DA:149,1
DA:157,1
DA:158,1
DA:159,1
DA:160,1
DA:162,1
DA:164,1
DA:172,1
DA:173,1
DA:174,1
DA:175,1
DA:177,1
DA:179,1
DA:187,1
DA:188,1
DA:189,1
DA:190,1
DA:192,1
DA:194,1
DA:202,1
DA:203,1
DA:204,1
DA:205,1
DA:207,1
DA:209,1
DA:217,1
DA:218,1
DA:219,1
DA:220,1
DA:222,1
DA:224,1
DA:232,1
DA:233,1
DA:234,1
DA:235,1
DA:237,1
DA:239,1
DA:247,1
DA:248,1
DA:249,1
DA:250,1
DA:252,1
DA:254,1
DA:262,1
DA:263,1
DA:264,1
DA:265,1
DA:267,1
DA:269,1
DA:278,1
DA:279,1
DA:280,1
DA:282,1
DA:284,1
DA:294,1
DA:295,2
DA:299,1
DA:300,1
DA:301,1
DA:302,1
DA:303,1
DA:304,1
DA:305,1
DA:306,1
DA:312,1
DA:313,1
DA:314,1
DA:315,1
DA:316,2
DA:319,1
DA:325,1
DA:326,1
DA:327,1
DA:328,1
DA:329,1
DA:330,1
DA:331,1
DA:337,1
DA:338,1
DA:339,1
DA:340,1
DA:341,1
DA:342,1
DA:343,1
DA:349,1
DA:350,1
DA:351,1
DA:352,1
DA:353,2
DA:354,1
DA:360,1
DA:361,1
DA:362,1
DA:363,1
DA:364,2
DA:365,1
DA:371,1
DA:372,1
DA:373,1
DA:374,1
DA:375,2
DA:376,1
DA:382,1
DA:383,1
DA:384,1
DA:385,1
DA:386,2
DA:387,1
DA:393,1
DA:394,1
DA:395,1
DA:396,1
DA:397,2
DA:398,1
DA:404,1
DA:405,1
DA:406,1
DA:407,1
DA:408,2
DA:409,1
DA:416,1
DA:417,1
DA:418,1
DA:419,2
DA:420,1
LF:192
LH:190
end_of_record
SF:lib/viewmodel/stage_result_viewmodel.dart
DA:21,8
DA:22,8
DA:23,9
DA:24,1
DA:25,1
DA:27,24
DA:33,22
DA:34,12
DA:35,6
DA:37,22
DA:38,12
DA:39,6
DA:41,22
DA:42,12
DA:43,6
DA:46,0
DA:51,4
DA:52,1
DA:53,1
DA:56,0
DA:59,8
DA:62,8
DA:63,32
DA:64,32
DA:65,32
DA:68,6
DA:69,4
DA:70,14
DA:73,7
DA:74,7
DA:75,10
DA:76,3
DA:77,11
DA:78,3
DA:79,5
DA:80,4
DA:81,8
DA:82,0
DA:84,2
DA:85,2
DA:86,2
DA:87,4
DA:88,2
DA:89,2
DA:90,2
DA:91,2
DA:92,2
DA:93,2
DA:94,2
DA:96,3
DA:99,3
DA:101,6
DA:102,6
DA:103,4
DA:104,2
DA:105,6
DA:106,4
DA:109,2
DA:114,11
DA:115,6
DA:120,1
DA:121,2
DA:122,5
DA:124,2
DA:125,3
DA:127,2
DA:129,1
DA:130,1
DA:134,0
DA:137,0
DA:139,0
DA:156,2
LF:72
LH:66
end_of_record
SF:lib/views/overall_result_view.dart
DA:21,1
DA:23,6
DA:24,6
DA:30,6
DA:33,6
DA:34,6
DA:35,6
DA:36,6
DA:37,6
DA:38,6
DA:39,6
DA:41,6
DA:42,6
DA:44,6
DA:45,2
DA:47,2
DA:48,2
DA:51,2
DA:52,2
DA:54,1
DA:56,1
DA:57,3
DA:59,1
DA:68,0
DA:71,1
DA:72,0
DA:81,0
DA:82,0
DA:88,6
DA:90,6
DA:92,2
DA:94,2
DA:95,6
DA:96,2
DA:97,4
DA:98,2
DA:99,8
DA:100,4
DA:101,6
DA:106,0
DA:108,0
DA:109,0
DA:111,0
DA:114,0
DA:116,0
DA:117,0
DA:118,0
DA:119,0
DA:121,0
DA:122,0
DA:124,0
DA:125,0
DA:126,0
DA:128,0
DA:129,0
DA:130,0
DA:131,0
DA:132,0
DA:133,0
DA:134,0
DA:135,0
DA:136,0
DA:137,0
DA:138,0
DA:139,0
DA:154,3
DA:163,6
DA:164,3
DA:168,0
DA:169,0
DA:170,0
DA:172,3
DA:173,3
DA:174,3
DA:175,3
DA:181,3
DA:182,3
DA:184,3
DA:185,3
DA:187,3
DA:194,6
DA:195,3
DA:196,3
DA:197,3
DA:198,3
DA:199,3
DA:200,3
DA:201,3
DA:203,3
DA:205,3
DA:211,3
DA:213,3
DA:215,3
DA:221,3
DA:223,3
DA:225,3
DA:233,9
DA:234,3
DA:235,3
DA:236,3
DA:237,3
DA:239,3
DA:240,6
DA:241,3
DA:244,3
DA:246,9
DA:248,3
DA:250,3
DA:251,6
DA:252,3
DA:261,6
DA:264,0
DA:266,0
DA:267,0
DA:269,0
DA:271,0
DA:275,0
DA:276,0
DA:277,0
DA:278,0
DA:280,0
DA:281,0
DA:282,0
DA:283,0
DA:284,0
DA:285,0
DA:286,0
DA:288,0
DA:290,0
DA:292,0
DA:293,0
DA:294,0
DA:295,0
DA:296,0
DA:297,0
DA:298,0
DA:299,0
DA:300,0
DA:301,0
DA:303,0
DA:304,0
DA:305,0
DA:306,0
DA:307,0
DA:308,0
DA:309,0
DA:310,0
DA:317,0
DA:321,6
DA:322,3
DA:323,3
DA:324,6
DA:325,3
DA:332,6
DA:333,3
DA:334,3
DA:335,3
DA:340,3
DA:342,3
DA:343,3
DA:344,3
DA:345,3
DA:346,3
DA:347,3
DA:348,3
DA:349,3
DA:350,3
DA:351,3
DA:352,3
DA:354,3
DA:355,3
DA:356,3
DA:357,3
DA:359,3
DA:361,3
DA:367,3
DA:369,3
DA:371,3
DA:377,3
DA:379,3
DA:381,3
DA:387,3
DA:389,3
DA:391,3
DA:397,3
DA:399,3
DA:401,3
DA:407,3
DA:409,3
DA:411,3
DA:417,3
DA:419,3
DA:421,3
DA:427,3
DA:429,3
DA:431,3
DA:437,3
DA:439,3
DA:441,3
DA:447,3
DA:449,3
DA:451,3
DA:457,3
DA:459,3
DA:461,3
DA:469,3
DA:471,15
DA:472,3
DA:474,3
DA:475,6
DA:476,3
DA:477,12
DA:478,0
DA:480,9
DA:481,3
DA:484,6
DA:485,8
DA:489,6
DA:490,3
DA:491,12
DA:492,0
DA:494,3
DA:495,6
DA:496,3
DA:497,12
DA:499,3
DA:506,3
DA:509,3
DA:510,3
DA:511,1
DA:515,6
DA:516,3
DA:517,3
DA:518,3
DA:520,3
DA:521,3
DA:522,3
DA:523,3
DA:525,3
DA:526,3
DA:527,3
DA:530,3
DA:532,3
DA:533,3
DA:534,3
DA:537,3
DA:539,3
DA:540,3
DA:541,3
DA:544,3
DA:546,3
DA:547,3
DA:548,3
DA:551,3
DA:553,3
DA:554,6
DA:555,3
DA:558,3
DA:560,3
DA:561,6
DA:562,3
DA:565,3
DA:567,3
DA:568,6
DA:569,3
DA:572,3
DA:574,3
DA:575,6
DA:576,3
DA:579,3
DA:581,3
DA:582,6
DA:583,3
DA:586,3
DA:588,3
DA:589,6
DA:590,3
DA:593,3
DA:595,3
DA:596,6
DA:597,3
DA:603,3
DA:608,0
DA:609,0
DA:610,0
DA:611,0
DA:612,0
DA:613,0
DA:615,0
DA:616,0
DA:617,0
DA:618,0
DA:619,0
DA:620,0
DA:621,0
DA:624,0
DA:625,0
DA:626,0
DA:627,0
DA:629,0
DA:630,0
DA:631,0
DA:632,0
DA:633,0
DA:634,0
DA:636,0
DA:638,0
DA:640,0
DA:641,0
DA:642,0
DA:643,0
DA:644,0
DA:645,0
DA:646,0
DA:647,0
DA:648,0
DA:649,0
DA:651,0
DA:652,0
DA:653,0
DA:654,0
DA:655,0
DA:656,0
DA:657,0
DA:662,0
DA:664,6
LF:326
LH:211
end_of_record
SF:lib/views/team_game_setup_view.dart
DA:9,1
DA:11,2
DA:12,2
DA:18,2
DA:20,2
DA:21,6
DA:24,6
DA:25,6
DA:29,2
DA:31,4
DA:32,2
DA:33,2
DA:34,2
DA:35,2
DA:37,2
DA:39,2
DA:41,2
DA:42,2
DA:43,2
DA:44,2
DA:45,2
DA:46,2
DA:47,2
DA:49,4
DA:51,4
DA:52,1
DA:54,1
DA:55,2
DA:57,1
DA:58,1
DA:59,1
DA:67,2
DA:68,2
DA:69,2
DA:72,1
DA:73,1
DA:74,1
DA:76,2
DA:78,1
DA:79,5
DA:82,7
DA:86,2
DA:89,0
DA:90,0
DA:91,0
DA:99,2
DA:100,2
DA:101,2
DA:102,2
DA:103,2
DA:104,7
DA:105,1
DA:106,1
DA:108,2
DA:109,2
DA:110,1
DA:111,1
DA:112,1
DA:114,0
DA:117,1
DA:120,6
DA:124,2
DA:128,2
DA:130,2
DA:131,2
DA:133,4
DA:136,2
DA:137,2
DA:138,8
DA:139,14
DA:140,2
DA:141,4
DA:142,7
DA:143,2
DA:144,0
DA:145,0
DA:146,0
DA:148,0
DA:151,0
DA:153,0
DA:157,2
LF:81
LH:71
end_of_record
SF:lib/views/export_utils_io.dart
DA:3,4
DA:4,4
DA:5,8
DA:6,3
LF:4
LH:4
end_of_record
SF:lib/views/io_file_helpers_io.dart
DA:6,4
DA:12,4
DA:13,1
DA:14,24
DA:15,22
DA:19,4
DA:20,4
DA:21,4
DA:26,1
LF:9
LH:9
end_of_record
SF:lib/views/non_web_pdf_utils.dart
DA:4,2
DA:6,2
LF:2
LH:2
end_of_record
SF:lib/views/settings_view_coverage_helpers.dart
DA:2,21
DA:3,84
DA:4,84
DA:5,84
DA:6,84
DA:7,84
DA:8,84
DA:9,84
DA:10,84
DA:11,84
DA:12,84
DA:13,84
DA:14,84
DA:15,84
DA:16,84
DA:17,84
DA:18,84
DA:19,84
DA:20,189
DA:21,210
DA:22,210
DA:23,210
DA:24,210
DA:25,210
DA:26,168
LF:25
LH:25
end_of_record
